<?xml version="1.0" encoding="UTF-8"?>
<!-- Generated by org.testng.reporters.JUnitReportReporter -->
<testsuite hostname="CLLK-AFRAR" failures="0" tests="1" name="signInProject.HomePageTest" time="24.237" errors="0" timestamp="26 Sep 2021 22:50:28 GMT" skipped="0">
  <testcase classname="signInProject.HomePageTest" name="signInWithEmail" time="24.237"/>
</testsuite> <!-- signInProject.HomePageTest -->
