<?xml version="1.0" encoding="UTF-8"?>
<!-- Generated by org.testng.reporters.JUnitReportReporter -->
<testsuite hostname="CLLK-AFRAR" failures="0" tests="1" name="signInProject.SignInWithFacebookTest" time="26.884" errors="0" timestamp="26 Sep 2021 23:50:48 GMT" skipped="0">
  <testcase classname="signInProject.SignInWithFacebookTest" name="signInWithFacebook" time="26.884"/>
</testsuite> <!-- signInProject.SignInWithFacebookTest -->
