<?xml version="1.0" encoding="UTF-8"?>
<!-- Generated by org.testng.reporters.JUnitReportReporter -->
<testsuite hostname="CLLK-AFRAR" failures="0" tests="1" name="SignInProject.HomePage" time="8.815" errors="0" timestamp="26 Sep 2021 10:37:41 GMT" skipped="0">
  <testcase classname="SignInProject.HomePage" name="homePageNavigation" time="8.815"/>
</testsuite> <!-- SignInProject.HomePage -->
