<?xml version="1.0" encoding="UTF-8"?>
<!-- Generated by org.testng.reporters.JUnitReportReporter -->
<testsuite hostname="CLLK-AFRAR" failures="0" tests="1" name="signInProject.SignInWithEmailTest" time="23.960" errors="0" timestamp="27 Sep 2021 00:16:57 GMT" skipped="0">
  <testcase classname="signInProject.SignInWithEmailTest" name="signInWithEmail" time="23.960"/>
</testsuite> <!-- signInProject.SignInWithEmailTest -->
